<?xml version="1.0" encoding="UTF-8"?>
<!-- Generated by org.testng.reporters.JUnitXMLReporter -->
<testsuite ignored="0" hostname="DESKTOP-PN8BVIB" failures="0" tests="4" name="Default test" time="0.103" errors="0" timestamp="2022-08-22T20:29:36 IST">
  <testcase classname="pkg_Selenium.SeleniumTest3" name="TC_001" time="0.013"/>
  <testcase classname="pkg_Selenium.SeleniumTest3" name="TC_002" time="0.005"/>
  <testcase classname="pkg_Selenium.SeleniumTest3" name="TC_003" time="0.004"/>
  <testcase classname="pkg_Selenium.SeleniumTest3" name="TC_004" time="0.003"/>
</testsuite> <!-- Default test -->
