<?xml version="1.0" encoding="UTF-8"?>
<testng-results ignored="0" total="4" passed="4" failed="0" skipped="0">
  <reporter-output>
  </reporter-output>
  <suite started-at="2022-08-22T20:29:36 IST" name="Default suite" finished-at="2022-08-22T20:29:36 IST" duration-ms="103">
    <groups>
    </groups>
    <test started-at="2022-08-22T20:29:36 IST" name="Default test" finished-at="2022-08-22T20:29:36 IST" duration-ms="103">
      <class name="pkg_Selenium.SeleniumTest3">
        <test-method signature="TC_001()[pri:0, instance:pkg_Selenium.SeleniumTest3@2e1d27ba]" started-at="2022-08-22T20:29:36 IST" name="TC_001" finished-at="2022-08-22T20:29:36 IST" duration-ms="13" status="PASS">
          <reporter-output>
          </reporter-output>
        </test-method> <!-- TC_001 -->
        <test-method signature="TC_002()[pri:0, instance:pkg_Selenium.SeleniumTest3@2e1d27ba]" started-at="2022-08-22T20:29:36 IST" name="TC_002" finished-at="2022-08-22T20:29:36 IST" duration-ms="5" status="PASS">
          <reporter-output>
          </reporter-output>
        </test-method> <!-- TC_002 -->
        <test-method signature="TC_003()[pri:0, instance:pkg_Selenium.SeleniumTest3@2e1d27ba]" started-at="2022-08-22T20:29:36 IST" name="TC_003" finished-at="2022-08-22T20:29:36 IST" duration-ms="4" status="PASS">
          <reporter-output>
          </reporter-output>
        </test-method> <!-- TC_003 -->
        <test-method signature="TC_004()[pri:0, instance:pkg_Selenium.SeleniumTest3@2e1d27ba]" started-at="2022-08-22T20:29:36 IST" name="TC_004" finished-at="2022-08-22T20:29:36 IST" duration-ms="3" status="PASS">
          <reporter-output>
          </reporter-output>
        </test-method> <!-- TC_004 -->
      </class> <!-- pkg_Selenium.SeleniumTest3 -->
    </test> <!-- Default test -->
  </suite> <!-- Default suite -->
</testng-results>
