<?xml version="1.0" encoding="UTF-8"?>
<testng-results ignored="0" total="2" passed="2" failed="0" skipped="0">
  <reporter-output>
  </reporter-output>
  <suite started-at="2022-08-22T17:33:21 IST" name="Default suite" finished-at="2022-08-22T17:33:22 IST" duration-ms="126">
    <groups>
    </groups>
    <test started-at="2022-08-22T17:33:21 IST" name="Default test" finished-at="2022-08-22T17:33:22 IST" duration-ms="126">
      <class name="pkg_Selenium.SeleniumTest3">
        <test-method signature="TC_001()[pri:0, instance:pkg_Selenium.SeleniumTest3@2cdd0d4b]" started-at="2022-08-22T17:33:21 IST" name="TC_001" finished-at="2022-08-22T17:33:21 IST" duration-ms="13" status="PASS">
          <reporter-output>
          </reporter-output>
        </test-method> <!-- TC_001 -->
        <test-method signature="TC_002()[pri:0, instance:pkg_Selenium.SeleniumTest3@2cdd0d4b]" started-at="2022-08-22T17:33:22 IST" name="TC_002" finished-at="2022-08-22T17:33:22 IST" duration-ms="4" status="PASS">
          <reporter-output>
          </reporter-output>
        </test-method> <!-- TC_002 -->
      </class> <!-- pkg_Selenium.SeleniumTest3 -->
    </test> <!-- Default test -->
  </suite> <!-- Default suite -->
</testng-results>
